<?xml version="1.0" encoding="UTF-8"?>
<!-- Generated by org.testng.reporters.JUnitReportReporter -->
<testsuite hostname="Tashfiq" failures="0" tests="1" name="com.it.Mobile_Automation.Test_Class" time="13.819" errors="0" timestamp="14 Nov 2023 07:07:29 GMT" skipped="0">
  <testcase classname="com.it.Mobile_Automation.Test_Class" name="runApp" time="13.819"/>
</testsuite> <!-- com.it.Mobile_Automation.Test_Class -->
